{"C:\\Users\\User\\Desktop\\unsplash_demo\\src\\lib\\cloneArray.js": {"path":"C:\\Users\\User\\Desktop\\unsplash_demo\\src\\lib\\cloneArray.js","statementMap":{"0":{"start":{"line":2,"column":4},"end":{"line":2,"column":21}},"1":{"start":{"line":5,"column":0},"end":{"line":5,"column":27}}},"fnMap":{"0":{"name":"cloneArray","decl":{"start":{"line":1,"column":9},"end":{"line":1,"column":19}},"loc":{"start":{"line":1,"column":26},"end":{"line":3,"column":1}},"line":1}},"branchMap":{},"s":{"0":1,"1":1},"f":{"0":1},"b":{},"_coverageSchema":"1a1c01bbd47fc00a2c39e90264f33305004495a9","hash":"764587a94bdf2ef9c9f91890a8ab4ffa3e4b3c26"}
}
